<?xml version="1.0" encoding="UTF-8"?>
<!-- Generated by org.testng.reporters.JUnitReportReporter -->
<testsuite hostname="saravanakumar" failures="0" tests="6" name="runner.Testng" time="48.072" errors="0" timestamp="31 May 2024 16:27:49 GMT" skipped="0">
  <testcase classname="runner.Testng" name="login" time="12.147"/>
  <testcase classname="runner.Testng" name="testproduct" time="6.856"/>
  <testcase classname="runner.Testng" name="testproduct" time="14.486"/>
  <testcase classname="runner.Testng" name="testproduct" time="6.511"/>
  <testcase classname="runner.Testng" name="testproduct" time="6.975"/>
  <testcase classname="runner.Testng" name="account" time="1.097"/>
</testsuite> <!-- runner.Testng -->
